2023-08-17 00:08:36,883:INFO:Object saved at artifacts/preprocessor/preprocessor.pkl
2023-08-17 00:08:36,883:INFO:Object saved at artifacts/preprocessor/label_encoding.pkl
2023-08-17 00:08:36,883:INFO:Loading data for transformation
2023-08-17 00:08:36,913:INFO:Data loaded successfully for transformation
2023-08-17 00:08:36,914:INFO:Splitting data into features and labels
2023-08-17 00:08:36,915:INFO:Training Data split successfully into features and labels
2023-08-17 00:08:36,915:INFO:Testing Data split successfully into features and labels
2023-08-17 00:08:36,915:INFO:Getting the preprocessor
2023-08-17 00:08:36,916:INFO:Object saved at artifacts/preprocessor/preprocessor.pkl
2023-08-17 00:08:36,916:INFO:Object saved at artifacts/preprocessor/label_encoding.pkl
2023-08-17 00:08:36,916:INFO:Preprocessor loaded successfully
2023-08-17 00:08:36,916:INFO:Fitting the training features set with the preprocessor
2023-08-17 00:08:36,928:INFO:Training features set fitted successfully
2023-08-17 00:08:36,928:INFO:Fitting the training labels set with the preprocessor
2023-08-17 00:08:36,928:INFO:Training labels set fitted successfully
2023-08-17 00:08:36,928:INFO:Transforming the training and testing dataset with the fitted preprocessor
2023-08-17 00:08:36,935:INFO:Training set transformed successfully
2023-08-17 00:08:36,939:INFO:Testing set transformed successfully
2023-08-17 00:08:36,939:INFO:Saving the transformed data
2023-08-17 00:08:36,939:INFO:Directory for transformed data created successfully
2023-08-17 00:08:37,116:INFO:Training features saved successfully
2023-08-17 00:08:37,124:INFO:Training labels saved successfully
2023-08-17 00:08:37,165:INFO:Testing features saved successfully
2023-08-17 00:08:37,168:INFO:Testing labels saved successfully
