2023-07-31 01:41:52,079:INFO:Object saved at artifacts/preprocessor/preprocessor.pkl
2023-07-31 01:41:52,079:INFO:Object saved at artifacts/preprocessor/label_encoding.pkl
2023-07-31 01:41:52,079:INFO:Loading data for transformation
2023-07-31 01:41:52,106:INFO:Data loaded successfully for transformation
2023-07-31 01:41:52,106:INFO:Splitting data into features and labels
2023-07-31 01:41:52,107:INFO:Training Data split successfully into features and labels
2023-07-31 01:41:52,107:INFO:Testing Data split successfully into features and labels
2023-07-31 01:41:52,107:INFO:Getting the preprocessor
2023-07-31 01:41:52,108:INFO:Object saved at artifacts/preprocessor/preprocessor.pkl
2023-07-31 01:41:52,108:INFO:Object saved at artifacts/preprocessor/label_encoding.pkl
2023-07-31 01:41:52,108:INFO:Preprocessor loaded successfully
2023-07-31 01:41:52,108:INFO:Fitting the training set with the preprocessor
2023-07-31 01:41:54,490:INFO:Training set fitted successfully
2023-07-31 01:41:54,490:INFO:Transforming the training and testing dataset with the fitted preprocessor
2023-07-31 01:41:54,507:INFO:Training set transformed successfully
2023-07-31 01:41:54,513:INFO:Testing set transformed successfully
2023-07-31 01:41:54,513:INFO:Saving the transformed data
2023-07-31 01:41:54,514:INFO:Directory for transformed data created successfully
2023-07-31 01:41:54,579:INFO:Training features saved successfully
2023-07-31 01:41:54,584:INFO:Training labels saved successfully
2023-07-31 01:41:54,600:INFO:Testing features saved successfully
2023-07-31 01:41:54,602:INFO:Testing labels saved successfully
