2023-08-17 00:36:03,473:INFO:Preprocessor saved to artifacts/preprocessor/preprocessor.pkl
2023-08-17 00:36:03,473:INFO:Preprocessor saved to artifacts/preprocessor/label_encoding.pkl
2023-08-17 00:36:03,473:INFO:Loading data for transformation
2023-08-17 00:36:03,508:INFO:Data loaded successfully for transformation
2023-08-17 00:36:03,508:INFO:Splitting data into features and labels
2023-08-17 00:36:03,510:INFO:Training Data split successfully into features and labels
2023-08-17 00:36:03,511:INFO:Testing Data split successfully into features and labels
2023-08-17 00:36:03,511:INFO:Getting the preprocessor
2023-08-17 00:36:03,511:INFO:Preprocessor saved to artifacts/preprocessor/preprocessor.pkl
2023-08-17 00:36:03,512:INFO:Preprocessor saved to artifacts/preprocessor/label_encoding.pkl
2023-08-17 00:36:03,512:INFO:Preprocessor loaded successfully
2023-08-17 00:36:03,512:INFO:Fitting the training features set with the preprocessor
2023-08-17 00:36:03,524:INFO:Training features set fitted successfully
2023-08-17 00:36:03,524:INFO:Fitting the training labels set with the preprocessor
2023-08-17 00:36:03,525:INFO:Training labels set fitted successfully
2023-08-17 00:36:03,525:INFO:Transforming the training and testing dataset with the fitted preprocessor
2023-08-17 00:36:03,531:INFO:Training set transformed successfully
2023-08-17 00:36:03,535:INFO:Testing set transformed successfully
2023-08-17 00:36:03,535:INFO:Saving the transformed data
2023-08-17 00:36:03,535:INFO:Directory for transformed data created successfully
2023-08-17 00:36:03,701:INFO:Training features saved successfully
2023-08-17 00:36:03,709:INFO:Training labels saved successfully
2023-08-17 00:36:03,751:INFO:Testing features saved successfully
2023-08-17 00:36:03,753:INFO:Testing labels saved successfully
