2023-08-17 00:22:28,487:INFO:Object saved at artifacts/preprocessor/preprocessor.pkl
2023-08-17 00:22:28,487:INFO:Object saved at artifacts/preprocessor/label_encoding.pkl
2023-08-17 00:22:28,487:INFO:Loading data for transformation
2023-08-17 00:22:28,518:INFO:Data loaded successfully for transformation
2023-08-17 00:22:28,518:INFO:Splitting data into features and labels
2023-08-17 00:22:28,519:INFO:Training Data split successfully into features and labels
2023-08-17 00:22:28,519:INFO:Testing Data split successfully into features and labels
2023-08-17 00:22:28,519:INFO:Getting the preprocessor
2023-08-17 00:22:28,520:INFO:Object saved at artifacts/preprocessor/preprocessor.pkl
2023-08-17 00:22:28,520:INFO:Object saved at artifacts/preprocessor/label_encoding.pkl
2023-08-17 00:22:28,520:INFO:Preprocessor loaded successfully
2023-08-17 00:22:28,520:INFO:Fitting the training features set with the preprocessor
2023-08-17 00:22:28,532:INFO:Training features set fitted successfully
2023-08-17 00:22:28,533:INFO:Fitting the training labels set with the preprocessor
2023-08-17 00:22:28,533:INFO:Training labels set fitted successfully
2023-08-17 00:22:28,533:INFO:Transforming the training and testing dataset with the fitted preprocessor
2023-08-17 00:22:28,540:INFO:Training set transformed successfully
2023-08-17 00:22:28,543:INFO:Testing set transformed successfully
2023-08-17 00:22:28,543:INFO:Saving the transformed data
2023-08-17 00:22:28,544:INFO:Directory for transformed data created successfully
2023-08-17 00:22:28,712:INFO:Training features saved successfully
2023-08-17 00:22:28,720:INFO:Training labels saved successfully
2023-08-17 00:22:28,761:INFO:Testing features saved successfully
2023-08-17 00:22:28,763:INFO:Testing labels saved successfully
