2023-08-18 00:15:11,586:INFO:Entering data ingestion
2023-08-18 00:15:11,592:WARNING: * Debugger is active!
2023-08-18 00:15:11,599:INFO: * Debugger PIN: 735-808-071
2023-08-18 00:15:15,037:INFO:Splitting data into train and test
2023-08-18 00:15:15,041:INFO:Saving data to artifacts
2023-08-18 00:15:15,241:INFO:Loading data for transformation
2023-08-18 00:15:15,273:INFO:Data loaded successfully for transformation
2023-08-18 00:15:15,273:INFO:Splitting data into features and labels
2023-08-18 00:15:15,274:INFO:Training Data split successfully into features and labels
2023-08-18 00:15:15,275:INFO:Testing Data split successfully into features and labels
2023-08-18 00:15:15,275:INFO:Getting the preprocessor
2023-08-18 00:15:15,276:INFO:Preprocessor saved to artifacts/preprocessor/preprocessor.pkl
2023-08-18 00:15:15,276:INFO:Preprocessor saved to artifacts/preprocessor/label_encoding.pkl
2023-08-18 00:15:15,276:INFO:Preprocessor loaded successfully
2023-08-18 00:15:15,276:INFO:Fitting the training features set with the preprocessor
2023-08-18 00:15:15,289:INFO:Training features set fitted successfully
2023-08-18 00:15:15,289:INFO:Fitting the training labels set with the preprocessor
2023-08-18 00:15:15,290:INFO:Training labels set fitted successfully
2023-08-18 00:15:15,290:INFO:Transforming the training and testing dataset with the fitted preprocessor
2023-08-18 00:15:15,297:INFO:Training set transformed successfully
2023-08-18 00:15:15,301:INFO:Testing set transformed successfully
2023-08-18 00:15:15,301:INFO:Saving the transformed data
2023-08-18 00:15:15,301:INFO:Directory for transformed data created successfully
2023-08-18 00:15:15,465:INFO:Training features saved successfully
2023-08-18 00:15:15,473:INFO:Training labels saved successfully
2023-08-18 00:15:15,514:INFO:Testing features saved successfully
2023-08-18 00:15:15,517:INFO:Testing labels saved successfully
2023-08-18 00:15:15,553:INFO:Evaluating Random Forest
2023-08-18 00:15:18,036:INFO:Score for Random Forest is 0.8538359788359788
2023-08-18 00:15:18,036:INFO:Evaluating XGBoost
2023-08-18 00:15:24,710:INFO:Score for XGBoost is 0.84755291005291
2023-08-18 00:15:24,710:INFO:Evaluating Decision Tree
2023-08-18 00:15:24,907:INFO:Score for Decision Tree is 0.7662037037037037
2023-08-18 00:15:24,907:INFO:Evaluating Gradient Boosting
2023-08-18 00:15:45,394:INFO:Score for Gradient Boosting is 0.7847222222222222
2023-08-18 00:15:45,394:INFO:Evaluating Ada Boost
2023-08-18 00:15:46,094:INFO:Score for Ada Boost is 0.34656084656084657
2023-08-18 00:15:46,094:INFO:Evaluating Extra Tree
2023-08-18 00:15:46,113:INFO:Score for Extra Tree is 0.6947751322751323
2023-08-18 00:15:46,116:INFO:Model results saved successfully
2023-08-18 00:15:46,117:INFO:Saving the best model = Random Forest
2023-08-18 00:15:46,150:INFO:Preprocessor saved to artifacts/model_data/model.pkl
2023-08-18 00:15:46,150:INFO:Best model saved successfully
2023-08-18 00:15:46,162:INFO:127.0.0.1 - - [18/Aug/2023 00:15:46] "[35m[1mPOST /train HTTP/1.1[0m" 500 -
2023-08-18 00:15:46,178:INFO:127.0.0.1 - - [18/Aug/2023 00:15:46] "GET /train?__debugger__=yes&cmd=resource&f=style.css HTTP/1.1" 200 -
2023-08-18 00:15:46,178:INFO:127.0.0.1 - - [18/Aug/2023 00:15:46] "GET /train?__debugger__=yes&cmd=resource&f=debugger.js HTTP/1.1" 200 -
2023-08-18 00:15:46,182:INFO:127.0.0.1 - - [18/Aug/2023 00:15:46] "GET /train?__debugger__=yes&cmd=resource&f=console.png HTTP/1.1" 200 -
2023-08-18 00:16:23,044:INFO: * Detected change in '/Users/archismanchakraborti/Desktop/python_files/iNeuron-internship-ForestCover_Prediction/app.py', reloading
