2023-08-18 00:06:49,480:INFO:Entering data ingestion
2023-08-18 00:06:49,485:WARNING: * Debugger is active!
2023-08-18 00:06:49,493:INFO: * Debugger PIN: 735-808-071
2023-08-18 00:06:52,033:INFO:127.0.0.1 - - [18/Aug/2023 00:06:52] "[33mGET /upload_data HTTP/1.1[0m" 404 -
2023-08-18 00:06:53,761:INFO:127.0.0.1 - - [18/Aug/2023 00:06:53] "[33mGET /upload_data HTTP/1.1[0m" 404 -
2023-08-18 00:06:54,628:INFO:127.0.0.1 - - [18/Aug/2023 00:06:54] "[33mGET /upload_data HTTP/1.1[0m" 404 -
2023-08-18 00:06:59,197:INFO:127.0.0.1 - - [18/Aug/2023 00:06:59] "GET / HTTP/1.1" 200 -
2023-08-18 00:07:11,984:INFO:127.0.0.1 - - [18/Aug/2023 00:07:11] "[33mGET /train_model HTTP/1.1[0m" 404 -
2023-08-18 00:07:14,909:INFO:127.0.0.1 - - [18/Aug/2023 00:07:14] "[33mGET /train_model HTTP/1.1[0m" 404 -
2023-08-18 00:07:19,868:INFO:127.0.0.1 - - [18/Aug/2023 00:07:19] "GET /train HTTP/1.1" 200 -
2023-08-18 00:07:25,622:INFO:Splitting data into train and test
2023-08-18 00:07:25,626:INFO:Saving data to artifacts
2023-08-18 00:07:25,827:INFO:Loading data for transformation
2023-08-18 00:07:25,858:INFO:Data loaded successfully for transformation
2023-08-18 00:07:25,858:INFO:Splitting data into features and labels
2023-08-18 00:07:25,859:INFO:Training Data split successfully into features and labels
2023-08-18 00:07:25,860:INFO:Testing Data split successfully into features and labels
2023-08-18 00:07:25,860:INFO:Getting the preprocessor
2023-08-18 00:07:25,861:INFO:Preprocessor saved to artifacts/preprocessor/preprocessor.pkl
2023-08-18 00:07:25,861:INFO:Preprocessor saved to artifacts/preprocessor/label_encoding.pkl
2023-08-18 00:07:25,861:INFO:Preprocessor loaded successfully
2023-08-18 00:07:25,861:INFO:Fitting the training features set with the preprocessor
2023-08-18 00:07:25,875:INFO:Training features set fitted successfully
2023-08-18 00:07:25,875:INFO:Fitting the training labels set with the preprocessor
2023-08-18 00:07:25,876:INFO:Training labels set fitted successfully
2023-08-18 00:07:25,876:INFO:Transforming the training and testing dataset with the fitted preprocessor
2023-08-18 00:07:25,883:INFO:Training set transformed successfully
2023-08-18 00:07:25,887:INFO:Testing set transformed successfully
2023-08-18 00:07:25,887:INFO:Saving the transformed data
2023-08-18 00:07:25,887:INFO:Directory for transformed data created successfully
2023-08-18 00:07:26,058:INFO:Training features saved successfully
2023-08-18 00:07:26,065:INFO:Training labels saved successfully
2023-08-18 00:07:26,106:INFO:Testing features saved successfully
2023-08-18 00:07:26,108:INFO:Testing labels saved successfully
2023-08-18 00:07:26,142:INFO:Evaluating Random Forest
2023-08-18 00:07:28,287:INFO:Score for Random Forest is 0.8525132275132276
2023-08-18 00:07:28,287:INFO:Evaluating XGBoost
2023-08-18 00:07:33,065:INFO:Score for XGBoost is 0.84755291005291
2023-08-18 00:07:33,065:INFO:Evaluating Decision Tree
2023-08-18 00:07:33,266:INFO:Score for Decision Tree is 0.7681878306878307
2023-08-18 00:07:33,266:INFO:Evaluating Gradient Boosting
2023-08-18 00:07:53,671:INFO:Score for Gradient Boosting is 0.7847222222222222
2023-08-18 00:07:53,671:INFO:Evaluating Ada Boost
2023-08-18 00:07:54,370:INFO:Score for Ada Boost is 0.34656084656084657
2023-08-18 00:07:54,370:INFO:Evaluating Extra Tree
2023-08-18 00:07:54,387:INFO:Score for Extra Tree is 0.6861772486772487
2023-08-18 00:07:54,390:INFO:Model results saved successfully
2023-08-18 00:07:54,391:INFO:Saving the best model = Random Forest
2023-08-18 00:07:54,423:INFO:Preprocessor saved to artifacts/model_data/model.pkl
2023-08-18 00:07:54,423:INFO:Best model saved successfully
2023-08-18 00:07:54,435:INFO:127.0.0.1 - - [18/Aug/2023 00:07:54] "POST /train HTTP/1.1" 200 -
2023-08-18 00:08:32,102:INFO: * Detected change in '/Users/archismanchakraborti/Desktop/python_files/iNeuron-internship-ForestCover_Prediction/app.py', reloading
