2023-08-17 00:09:45,220:INFO:Object saved at artifacts/preprocessor/preprocessor.pkl
2023-08-17 00:09:45,221:INFO:Object saved at artifacts/preprocessor/label_encoding.pkl
2023-08-17 00:09:45,221:INFO:Loading data for transformation
2023-08-17 00:09:45,253:INFO:Data loaded successfully for transformation
2023-08-17 00:09:45,253:INFO:Splitting data into features and labels
2023-08-17 00:09:45,254:INFO:Training Data split successfully into features and labels
2023-08-17 00:09:45,254:INFO:Testing Data split successfully into features and labels
2023-08-17 00:09:45,254:INFO:Getting the preprocessor
2023-08-17 00:09:45,255:INFO:Object saved at artifacts/preprocessor/preprocessor.pkl
2023-08-17 00:09:45,255:INFO:Object saved at artifacts/preprocessor/label_encoding.pkl
2023-08-17 00:09:45,255:INFO:Preprocessor loaded successfully
2023-08-17 00:09:45,255:INFO:Fitting the training features set with the preprocessor
2023-08-17 00:09:45,267:INFO:Training features set fitted successfully
2023-08-17 00:09:45,267:INFO:Fitting the training labels set with the preprocessor
2023-08-17 00:09:45,268:INFO:Training labels set fitted successfully
2023-08-17 00:09:45,268:INFO:Transforming the training and testing dataset with the fitted preprocessor
2023-08-17 00:09:45,275:INFO:Training set transformed successfully
2023-08-17 00:09:45,279:INFO:Testing set transformed successfully
2023-08-17 00:09:45,279:INFO:Saving the transformed data
2023-08-17 00:09:45,280:INFO:Directory for transformed data created successfully
2023-08-17 00:09:45,453:INFO:Training features saved successfully
2023-08-17 00:09:45,462:INFO:Training labels saved successfully
2023-08-17 00:09:45,511:INFO:Testing features saved successfully
2023-08-17 00:09:45,514:INFO:Testing labels saved successfully
