2023-08-01 00:42:54,092:INFO:Evaluating Random Forest
2023-08-01 00:42:55,147:INFO:Score for Random Forest is 0.8597883597883598
2023-08-01 00:42:55,147:INFO:Evaluating XGBoost
2023-08-01 00:42:58,343:INFO:Score for XGBoost is 0.8396164021164021
2023-08-01 00:42:58,343:INFO:Evaluating Decision Tree
2023-08-01 00:42:58,396:INFO:Score for Decision Tree is 0.77744708994709
2023-08-01 00:42:58,396:INFO:Evaluating Gradient Boosting
2023-08-01 00:43:06,847:INFO:Score for Gradient Boosting is 0.7701719576719577
2023-08-01 00:43:06,847:INFO:Evaluating Extra Tree
2023-08-01 00:43:06,859:INFO:Score for Extra Tree is 0.7159391534391535
2023-08-01 00:43:13,407:INFO:Evaluating Random Forest
2023-08-01 00:43:14,434:INFO:Score for Random Forest is 0.8604497354497355
2023-08-01 00:43:14,434:INFO:Evaluating XGBoost
2023-08-01 00:43:17,347:INFO:Score for XGBoost is 0.8396164021164021
2023-08-01 00:43:17,347:INFO:Evaluating Decision Tree
2023-08-01 00:43:17,399:INFO:Score for Decision Tree is 0.7728174603174603
2023-08-01 00:43:17,400:INFO:Evaluating Gradient Boosting
2023-08-01 00:43:26,055:INFO:Score for Gradient Boosting is 0.7698412698412699
2023-08-01 00:43:26,055:INFO:Evaluating Ada Boost
2023-08-01 00:43:26,389:INFO:Score for Ada Boost is 0.39715608465608465
2023-08-01 00:43:26,389:INFO:Evaluating Extra Tree
2023-08-01 00:43:26,399:INFO:Score for Extra Tree is 0.7294973544973545
2023-08-01 00:43:26,401:INFO:Model results saved successfully
2023-08-01 00:43:26,402:INFO:Saving the best model = Random Forest
2023-08-01 00:43:26,432:INFO:Object saved at artifacts/model_data/model.pkl
2023-08-01 00:43:26,432:INFO:Best model saved successfully
