2023-08-01 00:45:48,979:INFO:Evaluating Random Forest
2023-08-01 00:45:50,032:INFO:Score for Random Forest is 0.8587962962962963
2023-08-01 00:45:50,032:INFO:Evaluating XGBoost
2023-08-01 00:45:53,300:INFO:Score for XGBoost is 0.8396164021164021
2023-08-01 00:45:53,300:INFO:Evaluating Decision Tree
2023-08-01 00:45:53,362:INFO:Score for Decision Tree is 0.7751322751322751
2023-08-01 00:45:53,362:INFO:Evaluating Gradient Boosting
2023-08-01 00:46:03,563:INFO:Evaluating Random Forest
2023-08-01 00:46:04,614:INFO:Score for Random Forest is 0.8601190476190477
2023-08-01 00:46:04,614:INFO:Evaluating XGBoost
2023-08-01 00:46:08,001:INFO:Score for XGBoost is 0.8396164021164021
2023-08-01 00:46:08,001:INFO:Evaluating Decision Tree
2023-08-01 00:46:08,060:INFO:Score for Decision Tree is 0.7744708994708994
2023-08-01 00:46:08,060:INFO:Evaluating Gradient Boosting
2023-08-01 00:46:16,890:INFO:Score for Gradient Boosting is 0.7701719576719577
2023-08-01 00:46:16,891:INFO:Evaluating Ada Boost
2023-08-01 00:46:17,232:INFO:Score for Ada Boost is 0.39715608465608465
2023-08-01 00:46:17,232:INFO:Evaluating Extra Tree
2023-08-01 00:46:17,242:INFO:Score for Extra Tree is 0.7314814814814815
2023-08-01 00:46:17,246:INFO:Model results saved successfully
2023-08-01 00:46:17,246:INFO:Saving the best model = Random Forest
2023-08-01 00:46:17,267:INFO:Object saved at artifacts/model_data/model.pkl
2023-08-01 00:46:17,267:INFO:Best model saved successfully
2023-08-01 01:10:58,376:INFO:Evaluating Random Forest
2023-08-01 01:10:59,394:INFO:Score for Random Forest is 0.8584656084656085
2023-08-01 01:10:59,394:INFO:Evaluating XGBoost
2023-08-01 01:11:02,183:INFO:Score for XGBoost is 0.8396164021164021
2023-08-01 01:11:02,183:INFO:Evaluating Decision Tree
2023-08-01 01:11:02,235:INFO:Score for Decision Tree is 0.7764550264550265
2023-08-01 01:11:02,235:INFO:Evaluating Gradient Boosting
2023-08-01 01:11:10,803:INFO:Score for Gradient Boosting is 0.7701719576719577
2023-08-01 01:11:10,804:INFO:Evaluating Ada Boost
2023-08-01 01:11:11,140:INFO:Score for Ada Boost is 0.39715608465608465
2023-08-01 01:11:11,140:INFO:Evaluating Extra Tree
2023-08-01 01:11:11,150:INFO:Score for Extra Tree is 0.7337962962962963
2023-08-01 01:11:11,154:INFO:Model results saved successfully
2023-08-01 01:11:11,155:INFO:Saving the best model = Random Forest
2023-08-01 01:11:11,184:INFO:Object saved at artifacts/model_data/model.pkl
2023-08-01 01:11:11,184:INFO:Best model saved successfully
