2023-09-18 14:04:27,832:INFO:Entering data ingestion
2023-09-18 14:04:27,919:WARNING: * Debugger is active!
2023-09-18 14:04:27,925:INFO: * Debugger PIN: 535-302-191
2023-09-18 14:04:30,121:INFO:127.0.0.1 - - [18/Sep/2023 14:04:30] "GET /apidocs/ HTTP/1.1" 200 -
2023-09-18 14:04:30,130:INFO:127.0.0.1 - - [18/Sep/2023 14:04:30] "[36mGET /flasgger_static/lib/jquery.min.js HTTP/1.1[0m" 304 -
2023-09-18 14:04:30,132:INFO:127.0.0.1 - - [18/Sep/2023 14:04:30] "[36mGET /flasgger_static/swagger-ui.css HTTP/1.1[0m" 304 -
2023-09-18 14:04:30,133:INFO:127.0.0.1 - - [18/Sep/2023 14:04:30] "[36mGET /flasgger_static/swagger-ui-standalone-preset.js HTTP/1.1[0m" 304 -
2023-09-18 14:04:30,133:INFO:127.0.0.1 - - [18/Sep/2023 14:04:30] "[36mGET /flasgger_static/swagger-ui-bundle.js HTTP/1.1[0m" 304 -
2023-09-18 14:04:30,231:INFO:127.0.0.1 - - [18/Sep/2023 14:04:30] "GET /apispec_1.json HTTP/1.1" 200 -
2023-09-18 14:04:38,067:INFO:Data loaded successfully
2023-09-18 14:04:38,100:INFO:Preprocessor loaded from artifacts/model_data/model.pkl
2023-09-18 14:04:38,101:INFO:Preprocessor saved to artifacts/preprocessor/preprocessor.pkl
2023-09-18 14:04:38,103:INFO:Preprocessor saved to artifacts/preprocessor/label_encoding.pkl
2023-09-18 14:04:38,171:INFO:Prediction completed
2023-09-18 14:04:38,172:INFO:127.0.0.1 - - [18/Sep/2023 14:04:38] "POST /predict_data HTTP/1.1" 200 -
2023-09-18 14:04:59,760:INFO:Splitting data into train and test
2023-09-18 14:04:59,763:INFO:Saving data to artifacts
2023-09-18 14:04:59,865:INFO:Loading data for transformation
2023-09-18 14:04:59,885:INFO:Data loaded successfully for transformation
2023-09-18 14:04:59,885:INFO:Splitting data into features and labels
2023-09-18 14:04:59,885:INFO:Training Data split successfully into features and labels
2023-09-18 14:04:59,885:INFO:Testing Data split successfully into features and labels
2023-09-18 14:04:59,885:INFO:Getting the preprocessor
2023-09-18 14:04:59,886:INFO:Preprocessor saved to artifacts/preprocessor/preprocessor.pkl
2023-09-18 14:04:59,886:INFO:Preprocessor saved to artifacts/preprocessor/label_encoding.pkl
2023-09-18 14:04:59,886:INFO:Preprocessor loaded successfully
2023-09-18 14:04:59,886:INFO:Fitting the training features set with the preprocessor
2023-09-18 14:04:59,893:INFO:Training features set fitted successfully
2023-09-18 14:04:59,893:INFO:Fitting the training labels set with the preprocessor
2023-09-18 14:04:59,894:INFO:Training labels set fitted successfully
2023-09-18 14:04:59,894:INFO:Transforming the training and testing dataset with the fitted preprocessor
2023-09-18 14:04:59,897:INFO:Training set transformed successfully
2023-09-18 14:04:59,900:INFO:Testing set transformed successfully
2023-09-18 14:04:59,900:INFO:Saving the transformed data
2023-09-18 14:04:59,900:INFO:Directory for transformed data created successfully
2023-09-18 14:04:59,984:INFO:Training features saved successfully
2023-09-18 14:04:59,988:INFO:Training labels saved successfully
2023-09-18 14:05:00,017:INFO:Testing features saved successfully
2023-09-18 14:05:00,019:INFO:Testing labels saved successfully
2023-09-18 14:05:00,038:INFO:Evaluating Random Forest
2023-09-18 14:05:01,189:INFO:Score for Random Forest is 0.8347107438016529
2023-09-18 14:05:01,189:INFO:Evaluating XGBoost
2023-09-18 14:05:01,963:INFO:Score for XGBoost is 0.8363636363636363
2023-09-18 14:05:01,963:INFO:Evaluating Decision Tree
2023-09-18 14:05:02,035:INFO:Score for Decision Tree is 0.740909090909091
2023-09-18 14:05:02,035:INFO:Evaluating Gradient Boosting
2023-09-18 14:05:12,274:INFO:Score for Gradient Boosting is 0.7714876033057851
2023-09-18 14:05:12,274:INFO:Evaluating Ada Boost
2023-09-18 14:05:12,633:INFO:Score for Ada Boost is 0.371900826446281
2023-09-18 14:05:12,633:INFO:Evaluating Extra Tree
2023-09-18 14:05:12,643:INFO:Score for Extra Tree is 0.6652892561983471
2023-09-18 14:05:12,645:INFO:Model results saved successfully
2023-09-18 14:05:12,645:INFO:Saving the best model = XGBoost
2023-09-18 14:05:12,651:INFO:Preprocessor saved to artifacts/model_data/model.pkl
2023-09-18 14:05:12,652:INFO:Best model saved successfully
2023-09-18 14:05:12,655:INFO:127.0.0.1 - - [18/Sep/2023 14:05:12] "POST /train HTTP/1.1" 200 -
2023-09-18 14:08:19,548:INFO:Data loaded successfully
2023-09-18 14:08:19,561:INFO:Preprocessor loaded from artifacts/model_data/model.pkl
2023-09-18 14:08:19,561:INFO:Preprocessor saved to artifacts/preprocessor/preprocessor.pkl
2023-09-18 14:08:19,561:INFO:Preprocessor saved to artifacts/preprocessor/label_encoding.pkl
2023-09-18 14:08:19,588:INFO:Prediction completed
2023-09-18 14:08:19,589:INFO:127.0.0.1 - - [18/Sep/2023 14:08:19] "POST /predict_data HTTP/1.1" 200 -
