2023-07-31 19:53:49,797:INFO:Evaluating Random Forest
2023-07-31 19:53:50,823:INFO:Score for Random Forest is 0.855489417989418
2023-07-31 19:53:50,823:INFO:Evaluating XGBoost
2023-07-31 19:53:53,823:INFO:Score for XGBoost is 0.8396164021164021
2023-07-31 19:53:53,823:INFO:Evaluating Decision Tree
2023-07-31 19:53:53,876:INFO:Score for Decision Tree is 0.7738095238095238
2023-07-31 19:53:53,876:INFO:Evaluating Gradient Boosting
2023-07-31 19:54:02,176:INFO:Score for Gradient Boosting is 0.7698412698412699
2023-07-31 19:54:02,176:INFO:Evaluating Extra Tree
2023-07-31 19:54:02,186:INFO:Score for Extra Tree is 0.7278439153439153
2023-07-31 20:01:53,490:INFO:Evaluating Random Forest
2023-07-31 20:01:54,501:INFO:Score for Random Forest is 0.8584656084656085
2023-07-31 20:01:54,501:INFO:Evaluating XGBoost
2023-07-31 20:01:57,672:INFO:Score for XGBoost is 0.8396164021164021
2023-07-31 20:01:57,672:INFO:Evaluating Decision Tree
2023-07-31 20:01:57,724:INFO:Score for Decision Tree is 0.7771164021164021
2023-07-31 20:01:57,724:INFO:Evaluating Gradient Boosting
2023-07-31 20:02:06,024:INFO:Score for Gradient Boosting is 0.7701719576719577
2023-07-31 20:02:06,024:INFO:Evaluating Extra Tree
2023-07-31 20:02:06,034:INFO:Score for Extra Tree is 0.7331349206349206
2023-07-31 20:04:47,676:INFO:Evaluating Random Forest
2023-07-31 20:04:48,683:INFO:Score for Random Forest is 0.8581349206349206
2023-07-31 20:04:48,683:INFO:Evaluating XGBoost
2023-07-31 20:04:51,679:INFO:Score for XGBoost is 0.8396164021164021
2023-07-31 20:04:51,679:INFO:Evaluating Decision Tree
2023-07-31 20:04:51,731:INFO:Score for Decision Tree is 0.7807539682539683
2023-07-31 20:04:51,731:INFO:Evaluating Gradient Boosting
2023-07-31 20:05:00,186:INFO:Score for Gradient Boosting is 0.7701719576719577
2023-07-31 20:05:00,186:INFO:Evaluating Ada Boost
2023-07-31 20:05:00,513:INFO:Score for Ada Boost is 0.39715608465608465
2023-07-31 20:05:00,513:INFO:Evaluating Extra Tree
2023-07-31 20:05:00,523:INFO:Score for Extra Tree is 0.732473544973545
2023-07-31 20:05:00,525:INFO:Model results saved successfully
2023-07-31 20:05:00,526:INFO:Saving the best model = Random Forest
2023-07-31 20:05:00,549:INFO:Object saved at artifacts/model_data/model.pkl
2023-07-31 20:05:00,549:INFO:Best model saved successfully
